1577372323099|6|statement|connection 0|url jdbc:p6spy:mysql://localhost:3306/spring_demo|delete from users|delete from users
1577372323289|97|statement|connection 1|url jdbc:p6spy:mysql://localhost:3306/spring_demo|select count(*) from users|select count(*) from users
1577372323450|1|statement|connection 2|url jdbc:p6spy:mysql://localhost:3306/spring_demo|insert into users(id, name, password, level,login,recommend) values(?,?,?,?,?,?)|insert into users(id, name, password, level,login,recommend) values('test1','test1','test1',1,1,0)
1577372323457|0|statement|connection 3|url jdbc:p6spy:mysql://localhost:3306/spring_demo|select count(*) from users|select count(*) from users
1577372323463|1|statement|connection 4|url jdbc:p6spy:mysql://localhost:3306/spring_demo|insert into users(id, name, password, level,login,recommend) values(?,?,?,?,?,?)|insert into users(id, name, password, level,login,recommend) values('test2','test2','test2',2,55,10)
1577372323471|0|statement|connection 5|url jdbc:p6spy:mysql://localhost:3306/spring_demo|select count(*) from users|select count(*) from users
1577372325251|2|statement|connection 6|url jdbc:p6spy:mysql://localhost:3306/spring_demo|select * from users where id = ?|select * from users where id = 'test1'
1577373020638|4|statement|connection 0|url jdbc:p6spy:mysql://localhost:3306/spring_demo|delete from users|delete from users
1577373020697|10|statement|connection 1|url jdbc:p6spy:mysql://localhost:3306/spring_demo|select count(*) from users|select count(*) from users
1577373020784|0|statement|connection 2|url jdbc:p6spy:mysql://localhost:3306/spring_demo|insert into users(id, name, password, level,login,recommend) values(?,?,?,?,?,?)|insert into users(id, name, password, level,login,recommend) values('test1','test1','test1',1,1,0)
1577373020793|0|statement|connection 3|url jdbc:p6spy:mysql://localhost:3306/spring_demo|select count(*) from users|select count(*) from users
1577373020800|0|statement|connection 4|url jdbc:p6spy:mysql://localhost:3306/spring_demo|insert into users(id, name, password, level,login,recommend) values(?,?,?,?,?,?)|insert into users(id, name, password, level,login,recommend) values('test2','test2','test2',2,55,10)
1577373020811|0|statement|connection 5|url jdbc:p6spy:mysql://localhost:3306/spring_demo|select count(*) from users|select count(*) from users
1577373023068|0|statement|connection 6|url jdbc:p6spy:mysql://localhost:3306/spring_demo|select id,name,password,level,login,recommend from users where id = ?|select id,name,password,level,login,recommend from users where id = 'test1'
1577373569283|4|statement|connection 0|url jdbc:p6spy:mysql://localhost:3306/spring_demo|delete from users|delete from users
1577373569343|12|statement|connection 1|url jdbc:p6spy:mysql://localhost:3306/spring_demo|select count(*) from users|select count(*) from users
1577373569433|0|statement|connection 2|url jdbc:p6spy:mysql://localhost:3306/spring_demo|insert into users(id, name, password, level,login,recommend) values(?,?,?,?,?,?)|insert into users(id, name, password, level,login,recommend) values('test1','test1','test1',1,1,0)
1577373569439|0|statement|connection 3|url jdbc:p6spy:mysql://localhost:3306/spring_demo|select count(*) from users|select count(*) from users
1577373569442|0|statement|connection 4|url jdbc:p6spy:mysql://localhost:3306/spring_demo|insert into users(id, name, password, level,login,recommend) values(?,?,?,?,?,?)|insert into users(id, name, password, level,login,recommend) values('test2','test2','test2',2,55,10)
1577373569446|0|statement|connection 5|url jdbc:p6spy:mysql://localhost:3306/spring_demo|select count(*) from users|select count(*) from users
1577373569453|0|statement|connection 6|url jdbc:p6spy:mysql://localhost:3306/spring_demo|select id,name,password,level,login,recommend from users where id = ?|select id,name,password,level,login,recommend from users where id = 'test1'
1577373569465|1|statement|connection 7|url jdbc:p6spy:mysql://localhost:3306/spring_demo|select id,name,password,level,login,recommend from users where id = ?|select id,name,password,level,login,recommend from users where id = 'test2'
1577374240391|2|statement|connection 0|url jdbc:p6spy:mysql://localhost:3306/spring_demo|delete from users|delete from users
1577374240438|0|statement|connection 1|url jdbc:p6spy:mysql://localhost:3306/spring_demo|insert into users(id, name, password, level,login,recommend) values(?,?,?,?,?,?)|insert into users(id, name, password, level,login,recommend) values('test1','test1','test1',1,1,0)
1577374240448|5|statement|connection 2|url jdbc:p6spy:mysql://localhost:3306/spring_demo|update users name = ?, password = ? , level =?, login = ? , recommend = ? where id = ?|update users name = 'testt', password = 'test1' , level =3, login = 1 , recommend = 0 where id = NULL
1577374268725|14|statement|connection 0|url jdbc:p6spy:mysql://localhost:3306/spring_demo|delete from users|delete from users
1577374268807|8|statement|connection 1|url jdbc:p6spy:mysql://localhost:3306/spring_demo|insert into users(id, name, password, level,login,recommend) values(?,?,?,?,?,?)|insert into users(id, name, password, level,login,recommend) values('test1','test1','test1',1,1,0)
1577374268835|23|statement|connection 2|url jdbc:p6spy:mysql://localhost:3306/spring_demo|update users name = ?, password = ? , level =?, login = ? , recommend = ? where id = ?|update users name = 'testt', password = 'test1' , level =3, login = 1 , recommend = 0 where id = 'test1'
1577374291113|18|statement|connection 0|url jdbc:p6spy:mysql://localhost:3306/spring_demo|delete from users|delete from users
1577374291198|2|statement|connection 1|url jdbc:p6spy:mysql://localhost:3306/spring_demo|insert into users(id, name, password, level,login,recommend) values(?,?,?,?,?,?)|insert into users(id, name, password, level,login,recommend) values('test1','test1','test1',1,1,0)
1577374291209|1|statement|connection 2|url jdbc:p6spy:mysql://localhost:3306/spring_demo|update users set name = ?, password = ? , level =?, login = ? , recommend = ? where id = ?|update users set name = 'testt', password = 'test1' , level =3, login = 1 , recommend = 0 where id = 'test1'
1577374291255|18|statement|connection 3|url jdbc:p6spy:mysql://localhost:3306/spring_demo|select id,name,password,level,login,recommend from users where id = ?|select id,name,password,level,login,recommend from users where id = 'test1'
1577374391580|2|statement|connection 0|url jdbc:p6spy:mysql://localhost:3306/spring_demo|delete from users|delete from users
1577374391610|1|statement|connection 1|url jdbc:p6spy:mysql://localhost:3306/spring_demo|insert into users(id, name, password, level,login,recommend) values(?,?,?,?,?,?)|insert into users(id, name, password, level,login,recommend) values('test1','test1','test1',1,1,0)
1577374391616|1|statement|connection 2|url jdbc:p6spy:mysql://localhost:3306/spring_demo|insert into users(id, name, password, level,login,recommend) values(?,?,?,?,?,?)|insert into users(id, name, password, level,login,recommend) values('test2','test2','test2',2,55,10)
1577374391630|0|statement|connection 3|url jdbc:p6spy:mysql://localhost:3306/spring_demo|update users set name = ?, password = ? , level =?, login = ? , recommend = ? where id = ?|update users set name = 'testt', password = 'test1' , level =3, login = 1 , recommend = 0 where id = 'test1'
1577374391645|8|statement|connection 4|url jdbc:p6spy:mysql://localhost:3306/spring_demo|select id,name,password,level,login,recommend from users where id = ?|select id,name,password,level,login,recommend from users where id = 'test1'
1577374391691|0|statement|connection 5|url jdbc:p6spy:mysql://localhost:3306/spring_demo|select id,name,password,level,login,recommend from users where id = ?|select id,name,password,level,login,recommend from users where id = 'test2'
1577375663255|6|statement|connection 0|url jdbc:p6spy:mysql://localhost:3306/spring_demo|delete from users|delete from users
1577375663313|3|statement|connection 1|url jdbc:p6spy:mysql://localhost:3306/spring_demo|insert into users(id, name, password, level,login,recommend) values(?,?,?,?,?,?)|insert into users(id, name, password, level,login,recommend) values('test1','test1','test1',1,49,0)
1577375663331|5|statement|connection 2|url jdbc:p6spy:mysql://localhost:3306/spring_demo|insert into users(id, name, password, level,login,recommend) values(?,?,?,?,?,?)|insert into users(id, name, password, level,login,recommend) values('test2','test1','test1',1,50,0)
1577375663337|0|statement|connection 3|url jdbc:p6spy:mysql://localhost:3306/spring_demo|insert into users(id, name, password, level,login,recommend) values(?,?,?,?,?,?)|insert into users(id, name, password, level,login,recommend) values('test3','test1','test1',2,50,29)
1577375663352|4|statement|connection 4|url jdbc:p6spy:mysql://localhost:3306/spring_demo|insert into users(id, name, password, level,login,recommend) values(?,?,?,?,?,?)|insert into users(id, name, password, level,login,recommend) values('test4','test1','test1',2,50,30)
1577375663367|1|statement|connection 5|url jdbc:p6spy:mysql://localhost:3306/spring_demo|insert into users(id, name, password, level,login,recommend) values(?,?,?,?,?,?)|insert into users(id, name, password, level,login,recommend) values('test5','test1','test1',3,50,30)
1577375663402|16|statement|connection 6|url jdbc:p6spy:mysql://localhost:3306/spring_demo|select id, name , password, level, login, recommend from users|select id, name , password, level, login, recommend from users
1577375663423|4|statement|connection 7|url jdbc:p6spy:mysql://localhost:3306/spring_demo|update users set name = ?, password = ? , level =?, login = ? , recommend = ? where id = ?|update users set name = 'test1', password = 'test1' , level =2, login = 50 , recommend = 0 where id = 'test2'
1577375663429|0|statement|connection 8|url jdbc:p6spy:mysql://localhost:3306/spring_demo|update users set name = ?, password = ? , level =?, login = ? , recommend = ? where id = ?|update users set name = 'test1', password = 'test1' , level =3, login = 50 , recommend = 30 where id = 'test4'
1577375663435|0|statement|connection 9|url jdbc:p6spy:mysql://localhost:3306/spring_demo|select id,name,password,level,login,recommend from users where id = ?|select id,name,password,level,login,recommend from users where id = 'test1'
1577375663513|0|statement|connection 10|url jdbc:p6spy:mysql://localhost:3306/spring_demo|select id,name,password,level,login,recommend from users where id = ?|select id,name,password,level,login,recommend from users where id = 'test2'
1577375663525|1|statement|connection 11|url jdbc:p6spy:mysql://localhost:3306/spring_demo|select id,name,password,level,login,recommend from users where id = ?|select id,name,password,level,login,recommend from users where id = 'test3'
1577375663532|0|statement|connection 12|url jdbc:p6spy:mysql://localhost:3306/spring_demo|select id,name,password,level,login,recommend from users where id = ?|select id,name,password,level,login,recommend from users where id = 'test4'
1577375663538|0|statement|connection 13|url jdbc:p6spy:mysql://localhost:3306/spring_demo|select id,name,password,level,login,recommend from users where id = ?|select id,name,password,level,login,recommend from users where id = 'test5'
1577375921273|2|statement|connection 0|url jdbc:p6spy:mysql://localhost:3306/spring_demo|delete from users|delete from users
1577375921302|1|statement|connection 1|url jdbc:p6spy:mysql://localhost:3306/spring_demo|insert into users(id, name, password, level,login,recommend) values(?,?,?,?,?,?)|insert into users(id, name, password, level,login,recommend) values('test5','test1','test1',3,50,30)
1577375921309|1|statement|connection 2|url jdbc:p6spy:mysql://localhost:3306/spring_demo|insert into users(id, name, password, level,login,recommend) values(?,?,?,?,?,?)|insert into users(id, name, password, level,login,recommend) values('test1','test1','test1',1,49,0)
1577375921324|11|statement|connection 3|url jdbc:p6spy:mysql://localhost:3306/spring_demo|select id,name,password,level,login,recommend from users where id = ?|select id,name,password,level,login,recommend from users where id = 'test5'
1577375921328|0|statement|connection 4|url jdbc:p6spy:mysql://localhost:3306/spring_demo|select id,name,password,level,login,recommend from users where id = ?|select id,name,password,level,login,recommend from users where id = 'test5'
1577375939166|3|statement|connection 0|url jdbc:p6spy:mysql://localhost:3306/spring_demo|delete from users|delete from users
1577375939211|2|statement|connection 1|url jdbc:p6spy:mysql://localhost:3306/spring_demo|insert into users(id, name, password, level,login,recommend) values(?,?,?,?,?,?)|insert into users(id, name, password, level,login,recommend) values('test5','test1','test1',3,50,30)
1577375939217|1|statement|connection 2|url jdbc:p6spy:mysql://localhost:3306/spring_demo|insert into users(id, name, password, level,login,recommend) values(?,?,?,?,?,?)|insert into users(id, name, password, level,login,recommend) values('test1','test1','test1',1,49,0)
1577375939233|12|statement|connection 3|url jdbc:p6spy:mysql://localhost:3306/spring_demo|select id,name,password,level,login,recommend from users where id = ?|select id,name,password,level,login,recommend from users where id = 'test5'
1577375939237|0|statement|connection 4|url jdbc:p6spy:mysql://localhost:3306/spring_demo|select id,name,password,level,login,recommend from users where id = ?|select id,name,password,level,login,recommend from users where id = 'test1'
1577377813210|3|statement|connection 0|url jdbc:p6spy:mysql://localhost:3306/spring_demo|delete from users|delete from users
1577377813251|1|statement|connection 1|url jdbc:p6spy:mysql://localhost:3306/spring_demo|insert into users(id, name, password, level,login,recommend) values(?,?,?,?,?,?)|insert into users(id, name, password, level,login,recommend) values('test5','test1','test1',3,50,30)
1577377813258|1|statement|connection 2|url jdbc:p6spy:mysql://localhost:3306/spring_demo|insert into users(id, name, password, level,login,recommend) values(?,?,?,?,?,?)|insert into users(id, name, password, level,login,recommend) values('test1','test1','test1',1,49,0)
1577377813282|12|statement|connection 3|url jdbc:p6spy:mysql://localhost:3306/spring_demo|select id,name,password,level,login,recommend from users where id = ?|select id,name,password,level,login,recommend from users where id = 'test5'
1577377813292|2|statement|connection 4|url jdbc:p6spy:mysql://localhost:3306/spring_demo|select id,name,password,level,login,recommend from users where id = ?|select id,name,password,level,login,recommend from users where id = 'test1'
1577377820101|3|statement|connection 0|url jdbc:p6spy:mysql://localhost:3306/spring_demo|delete from users|delete from users
1577377820165|3|statement|connection 1|url jdbc:p6spy:mysql://localhost:3306/spring_demo|insert into users(id, name, password, level,login,recommend) values(?,?,?,?,?,?)|insert into users(id, name, password, level,login,recommend) values('test1','test1','test1',1,49,0)
1577377820189|1|statement|connection 2|url jdbc:p6spy:mysql://localhost:3306/spring_demo|insert into users(id, name, password, level,login,recommend) values(?,?,?,?,?,?)|insert into users(id, name, password, level,login,recommend) values('test2','test1','test1',1,50,0)
1577377820205|2|statement|connection 3|url jdbc:p6spy:mysql://localhost:3306/spring_demo|insert into users(id, name, password, level,login,recommend) values(?,?,?,?,?,?)|insert into users(id, name, password, level,login,recommend) values('test3','test1','test1',2,50,29)
1577377820217|0|statement|connection 4|url jdbc:p6spy:mysql://localhost:3306/spring_demo|insert into users(id, name, password, level,login,recommend) values(?,?,?,?,?,?)|insert into users(id, name, password, level,login,recommend) values('test4','test1','test1',2,50,30)
1577377820232|1|statement|connection 5|url jdbc:p6spy:mysql://localhost:3306/spring_demo|insert into users(id, name, password, level,login,recommend) values(?,?,?,?,?,?)|insert into users(id, name, password, level,login,recommend) values('test5','test1','test1',3,50,30)
1577377820256|19|statement|connection 6|url jdbc:p6spy:mysql://localhost:3306/spring_demo|select id, name , password, level, login, recommend from users|select id, name , password, level, login, recommend from users
1577377820266|1|statement|connection 7|url jdbc:p6spy:mysql://localhost:3306/spring_demo|update users set name = ?, password = ? , level =?, login = ? , recommend = ? where id = ?|update users set name = 'test1', password = 'test1' , level =2, login = 50 , recommend = 0 where id = 'test2'
1577377820270|0|statement|connection 8|url jdbc:p6spy:mysql://localhost:3306/spring_demo|update users set name = ?, password = ? , level =?, login = ? , recommend = ? where id = ?|update users set name = 'test1', password = 'test1' , level =3, login = 50 , recommend = 30 where id = 'test4'
1577377820280|0|statement|connection 9|url jdbc:p6spy:mysql://localhost:3306/spring_demo|select id,name,password,level,login,recommend from users where id = ?|select id,name,password,level,login,recommend from users where id = 'test1'
1577377820365|0|statement|connection 10|url jdbc:p6spy:mysql://localhost:3306/spring_demo|select id,name,password,level,login,recommend from users where id = ?|select id,name,password,level,login,recommend from users where id = 'test2'
1577377820375|2|statement|connection 11|url jdbc:p6spy:mysql://localhost:3306/spring_demo|select id,name,password,level,login,recommend from users where id = ?|select id,name,password,level,login,recommend from users where id = 'test3'
1577377820383|0|statement|connection 12|url jdbc:p6spy:mysql://localhost:3306/spring_demo|select id,name,password,level,login,recommend from users where id = ?|select id,name,password,level,login,recommend from users where id = 'test4'
1577377820393|1|statement|connection 13|url jdbc:p6spy:mysql://localhost:3306/spring_demo|select id,name,password,level,login,recommend from users where id = ?|select id,name,password,level,login,recommend from users where id = 'test5'
